Build started 5/24/2016 3:52:45 PM.
     1>Project "C:\Users\Carson\Documents\Carson\Programming\orbit\orbit\orbit.vcxproj" on node 2 (Build target(s)).
     1>ClCompile:
         C:\Program Files (x86)\Microsoft Visual Studio 14.0\VC\bin\CL.exe /c /ZI /nologo /W3 /WX- /sdl /Od /Oy- /D WIN32 /D _DEBUG /D _WINDOWS /D _UNICODE /D UNICODE /Gm /EHsc /RTC1 /MDd /GS /fp:precise /Zc:wchar_t /Zc:forScope /Zc:inline /Yc"stdafx.h" /Fp"Debug\orbit.pch" /Fo"Debug\\" /Fd"Debug\vc140.pdb" /Gd /TP /analyze- /errorReport:prompt stdafx.cpp
         stdafx.cpp
     1>c:\users\carson\documents\carson\programming\orbit\orbit\util.h(36): warning C4018: '<': signed/unsigned mismatch
     1>c:\users\carson\documents\carson\programming\orbit\orbit\util.h(40): warning C4018: '<': signed/unsigned mismatch
         C:\Program Files (x86)\Microsoft Visual Studio 14.0\VC\bin\CL.exe /c /ZI /nologo /W3 /WX- /sdl /Od /Oy- /D WIN32 /D _DEBUG /D _WINDOWS /D _UNICODE /D UNICODE /Gm /EHsc /RTC1 /MDd /GS /fp:precise /Zc:wchar_t /Zc:forScope /Zc:inline /Yu"stdafx.h" /Fp"Debug\orbit.pch" /Fo"Debug\\" /Fd"Debug\vc140.pdb" /Gd /TP /analyze- /errorReport:prompt galaxy.cpp orbit.cpp star.cpp universe.cpp
         universe.cpp
         star.cpp
     1>c:\users\carson\documents\carson\programming\orbit\orbit\star.cpp(336): warning C4244: 'argument': conversion from 'double' to 'int', possible loss of data
     1>c:\users\carson\documents\carson\programming\orbit\orbit\star.cpp(343): warning C4244: 'argument': conversion from 'double' to 'int', possible loss of data
     1>c:\users\carson\documents\carson\programming\orbit\orbit\star.cpp(356): warning C4244: 'argument': conversion from 'double' to 'int', possible loss of data
     1>c:\users\carson\documents\carson\programming\orbit\orbit\star.cpp(361): warning C4244: 'argument': conversion from 'double' to 'int', possible loss of data
     1>c:\users\carson\documents\carson\programming\orbit\orbit\star.cpp(370): warning C4244: '=': conversion from 'double' to 'LONG', possible loss of data
     1>c:\users\carson\documents\carson\programming\orbit\orbit\star.cpp(371): warning C4244: '=': conversion from 'double' to 'LONG', possible loss of data
     1>c:\users\carson\documents\carson\programming\orbit\orbit\star.cpp(372): warning C4244: '=': conversion from 'double' to 'LONG', possible loss of data
     1>c:\users\carson\documents\carson\programming\orbit\orbit\star.cpp(373): warning C4244: '=': conversion from 'double' to 'LONG', possible loss of data
         orbit.cpp
     1>c:\users\carson\documents\carson\programming\orbit\orbit\orbit.cpp(35): warning C4244: 'argument': conversion from 'time_t' to 'unsigned int', possible loss of data
     1>c:\users\carson\documents\carson\programming\orbit\orbit\orbit.cpp(192): warning C4244: 'argument': conversion from 'double' to 'DWORD', possible loss of data
         galaxy.cpp
     1>c:\users\carson\documents\carson\programming\orbit\orbit\galaxy.cpp(282): warning C4244: 'argument': conversion from 'double' to 'int', possible loss of data
     1>c:\users\carson\documents\carson\programming\orbit\orbit\galaxy.cpp(289): warning C4244: 'argument': conversion from 'double' to 'int', possible loss of data
     1>c:\users\carson\documents\carson\programming\orbit\orbit\galaxy.cpp(303): warning C4244: 'argument': conversion from 'double' to 'int', possible loss of data
     1>c:\users\carson\documents\carson\programming\orbit\orbit\galaxy.cpp(308): warning C4244: 'argument': conversion from 'double' to 'int', possible loss of data
     1>c:\users\carson\documents\carson\programming\orbit\orbit\galaxy.cpp(318): warning C4244: '=': conversion from 'double' to 'LONG', possible loss of data
     1>c:\users\carson\documents\carson\programming\orbit\orbit\galaxy.cpp(319): warning C4244: '=': conversion from 'double' to 'LONG', possible loss of data
     1>c:\users\carson\documents\carson\programming\orbit\orbit\galaxy.cpp(320): warning C4244: '=': conversion from 'double' to 'LONG', possible loss of data
     1>c:\users\carson\documents\carson\programming\orbit\orbit\galaxy.cpp(321): warning C4244: '=': conversion from 'double' to 'LONG', possible loss of data
         Generating Code...
       Link:
         C:\Program Files (x86)\Microsoft Visual Studio 14.0\VC\bin\link.exe /ERRORREPORT:PROMPT /OUT:"C:\Users\Carson\Documents\Carson\Programming\orbit\Debug\orbit.exe" /INCREMENTAL /NOLOGO kernel32.lib user32.lib gdi32.lib winspool.lib comdlg32.lib advapi32.lib shell32.lib ole32.lib oleaut32.lib uuid.lib odbc32.lib odbccp32.lib /MANIFEST /MANIFESTUAC:"level='asInvoker' uiAccess='false'" /manifest:embed /Debug /PDB:"C:\Users\Carson\Documents\Carson\Programming\orbit\Debug\orbit.pdb" /SUBSYSTEM:WINDOWS /TLBID:1 /DYNAMICBASE /NXCOMPAT /IMPLIB:"C:\Users\Carson\Documents\Carson\Programming\orbit\Debug\orbit.lib" /MACHINE:X86 Debug\orbit.res
         Debug\galaxy.obj
         Debug\orbit.obj
         Debug\star.obj
         Debug\stdafx.obj
         Debug\universe.obj
     1>stdafx.obj : error LNK2005: "double __cdecl deg_to_rad(double)" (?deg_to_rad@@YANN@Z) already defined in star.obj
     1>stdafx.obj : error LNK2005: "double __cdecl randBound(double,double,bool)" (?randBound@@YANNN_N@Z) already defined in star.obj
     1>C:\Users\Carson\Documents\Carson\Programming\orbit\Debug\orbit.exe : fatal error LNK1169: one or more multiply defined symbols found
     1>Done Building Project "C:\Users\Carson\Documents\Carson\Programming\orbit\orbit\orbit.vcxproj" (Build target(s)) -- FAILED.

Build FAILED.

Time Elapsed 00:00:03.86
